<?xml version="1.0" encoding="UTF-8"?>
<testng-results ignored="0" total="1" passed="1" failed="0" skipped="0">
  <reporter-output>
  </reporter-output>
  <suite started-at="2023-10-07T16:43:10 IST" name="HybridFramework" finished-at="2023-10-07T16:43:27 IST" duration-ms="16762">
    <groups>
    </groups>
    <test started-at="2023-10-07T16:43:10 IST" name="FlipkartTest" finished-at="2023-10-07T16:43:27 IST" duration-ms="16762">
      <class name="com.pom.flipkart.FlipkartTest">
        <test-method is-config="true" signature="setup(java.lang.String)[pri:0, instance:com.pom.flipkart.FlipkartTest@4efbca5a]" started-at="2023-10-07T16:43:10 IST" name="setup" finished-at="2023-10-07T16:43:13 IST" duration-ms="2191" status="PASS">
          <params>
            <param index="0">
              <value>
                <![CDATA[chrome]]>
              </value>
            </param>
          </params>
          <reporter-output>
          </reporter-output>
        </test-method> <!-- setup -->
        <test-method signature="homePageTest()[pri:0, instance:com.pom.flipkart.FlipkartTest@4efbca5a]" started-at="2023-10-07T16:43:13 IST" name="homePageTest" finished-at="2023-10-07T16:43:27 IST" duration-ms="14310" status="PASS">
          <reporter-output>
          </reporter-output>
        </test-method> <!-- homePageTest -->
        <test-method is-config="true" signature="teardown()[pri:0, instance:com.pom.flipkart.FlipkartTest@4efbca5a]" started-at="2023-10-07T16:43:27 IST" name="teardown" finished-at="2023-10-07T16:43:27 IST" duration-ms="223" status="PASS">
          <reporter-output>
          </reporter-output>
        </test-method> <!-- teardown -->
      </class> <!-- com.pom.flipkart.FlipkartTest -->
    </test> <!-- FlipkartTest -->
  </suite> <!-- HybridFramework -->
</testng-results>
